<condition type="infoWindow" description="Schließe das Info-Fenster" stringId="TUTO-0302-T002-S031">
	<window position="center" hideTitle="true" stringId="TUTO-0302-T002-S031-INFO">
					Das ist alles was du zur Saat mit Saatkombinationen wissen musst. Du kannst weitermachen und das Feld zu Ende säen, oder diesen Schritt überspringen und das Resultat ansehen.
	</window>
</condition>

<condition type="infoWindow" makeHidden="true" description="Beende das Tutorial" stringId="TUTO-0302-T002-S034">
	<window size="center">
		<page showContinue="true" buttonStringId="MCMD-CMPL">
			<element type="text" stringId="TUTO-0302-T002-S034-I001">
							Das Resultat lässt sich sehen, die Gerste ist nach wenigen Tagen aufgegangen und die Pflanzen entwickeln sich gut. Um einen weiteren optimalen Wachstumsverlauf garantieren zu können, solltest du deine Pflanzen zusätzlich düngen. Wie genau das funktioniert, erfährst du in der Kategorie "Düngen".
			</element>
		</page>
	</window>
</condition>

<window size="underCondition" position="center" hideTitle="true">
	<page>
		<element type="text" stringId="TUTO-0302-T002-S001-I001">
							Sommergerste in eine spezielle Getreideunterart, die im Gegensatz zur Wintergerste über Frühjahr und Sommer wächst und somit im Frühling gesät wird. Generell gilt auch für Getreide einen optimalen Aussaatzeitpunkt zu wählen. Sommergerste ist im Gegensatz zu Mais oder anderen Pflanzen weniger anfällig für Kälte und kann daher für gewöhnlich früher ausgesäht werden. Daher ergibt sich für Sommergerste ein Aussaatzeitraum zwischen Ende Februar und Anfang April.
		</element>
	</page>
	<page showContinue="true" buttonStringId="MCMD-BEGN">
		<element type="text" stringId="TUTO-0302-T002-S001-I002">
							Zusätzlich zur Temperatur muss auch für ein optimales Saatbett gesorgt werden. Dieses wird vor allem durch die vorausgegangene Bodenbearbeitung erreicht. Im Falle der Hammer CornKing 6000, mit der wir heute arbeiten wollen, vereint diese zwei Arbeitsschritte in einem. Die Hammer CornKing 6000 bearbeitet und lockert den Boden nochmals mit Hilfe von Tellern und Scharen bevor die Saateinheit die Saatkörner in das frisch bereitete Saatbett ablegt.
							Bei starker Bodenverdichtung empfiehlt es sich trotzallem einen Arbeitsschritt (wie zum Beispiel Pflügen) vorausgehen zu lassen.
		</element>
	</page>
</window>

<condition type="driveVehicle" command="100" targetID="cooperative" description="Fahre zur Genossenschaft" stringId="TUTO-0302-T002-S002" checkRadius="15">
	<window stringId="TUTO-0302-T002-S002-INFO">
					Die Genossenschaft ist im Albergtal dein Einkaufsort für Saatgut und Dünger. In diesem Tutorial geht es um die Getreidesaat, genauer: die Gerstenaussaat. Die Hammer CornKing kann zwar auch düngen, dies wird aber im Tutorial "Unterfußdüngung" in der Kategorie "Dünger" genauer beschrieben.
	</window>
</condition>
